Copyright 1986-2023 Xilinx, Inc. All Rights Reserved.
--------------------------------------------------------------------------------------
| Tool Version : Vivado v.2022.2.2 (lin64) Build 3788238 Tue Feb 21 19:59:23 MST 2023
| Date         : Tue Nov 18 23:55:28 2025
| Host         : cad115 running 64-bit Ubuntu 22.04.5 LTS
| Command      : upgrade_ip
| Device       : xczu9eg-ffvb1156-2-e
--------------------------------------------------------------------------------------

Upgrade Log for IP 'design_1_Tiny_CPU_IP_0_0'

1. Summary
----------

SUCCESS in the upgrade of design_1_Tiny_CPU_IP_0_0 (comparch:user:Tiny_CPU_IP:1.0) from (Rev. 3) to (Rev. 4)






Copyright 1986-2023 Xilinx, Inc. All Rights Reserved.
--------------------------------------------------------------------------------------
| Tool Version : Vivado v.2022.2.2 (lin64) Build 3788238 Tue Feb 21 19:59:23 MST 2023
| Date         : Tue Nov 18 23:00:47 2025
| Host         : cad115 running 64-bit Ubuntu 22.04.5 LTS
| Command      : upgrade_ip
| Device       : xczu9eg-ffvb1156-2-e
--------------------------------------------------------------------------------------

Upgrade Log for IP 'design_1_Tiny_CPU_IP_0_0'

1. Summary
----------

SUCCESS in the upgrade of design_1_Tiny_CPU_IP_0_0 (comparch:user:Tiny_CPU_IP:1.0) from (Rev. 2) to (Rev. 3)






Copyright 1986-2023 Xilinx, Inc. All Rights Reserved.
--------------------------------------------------------------------------------------
| Tool Version : Vivado v.2022.2.2 (lin64) Build 3788238 Tue Feb 21 19:59:23 MST 2023
| Date         : Tue Nov 18 22:39:47 2025
| Host         : cad115 running 64-bit Ubuntu 22.04.5 LTS
| Command      : upgrade_ip
| Device       : xczu9eg-ffvb1156-2-e
--------------------------------------------------------------------------------------

Upgrade Log for IP 'design_1_Tiny_CPU_IP_0_0'

1. Summary
----------

SUCCESS in the upgrade of design_1_Tiny_CPU_IP_0_0 (comparch:user:Tiny_CPU_IP:1.0) from (Rev. 1) to (Rev. 2)

