Copyright 1986-2022 Xilinx, Inc. All Rights Reserved.
---------------------------------------------------------------------------------------------------------------------------------------------
| Tool Version : Vivado v.2022.2 (win64) Build 3671981 Fri Oct 14 05:00:03 MDT 2022
| Date         : Sun Nov 30 10:32:37 2025
| Host         : HUONG running 64-bit major release  (build 9200)
| Command      : report_drc -file design_HDH_wrapper_drc_opted.rpt -pb design_HDH_wrapper_drc_opted.pb -rpx design_HDH_wrapper_drc_opted.rpx
| Design       : design_HDH_wrapper
| Device       : xczu9eg-ffvb1156-2-e
| Speed File   : -2
| Design State : Synthesized
---------------------------------------------------------------------------------------------------------------------------------------------

Report DRC

Table of Contents
-----------------
1. REPORT SUMMARY
2. REPORT DETAILS

1. REPORT SUMMARY
-----------------
            Netlist: netlist
          Floorplan: design_1
      Design limits: <entire design considered>
           Ruledeck: default
             Max violations: <unlimited>
             Violations found: 4
+--------+----------+------------------------+------------+
| Rule   | Severity | Description            | Violations |
+--------+----------+------------------------+------------+
| DPIP-2 | Warning  | Input pipelining       | 2          |
| DPOP-3 | Warning  | PREG Output pipelining | 1          |
| DPOP-4 | Warning  | MREG Output pipelining | 1          |
+--------+----------+------------------------+------------+

2. REPORT DETAILS
-----------------
DPIP-2#1 Warning
Input pipelining  
DSP design_HDH_i/Add_IP_HDH_0/inst/core/alu/MUL_raw_w input design_HDH_i/Add_IP_HDH_0/inst/core/alu/MUL_raw_w/A[29:0] is not pipelined. Pipelining DSP48 input will improve performance.
Related violations: <none>

DPIP-2#2 Warning
Input pipelining  
DSP design_HDH_i/Add_IP_HDH_0/inst/core/alu/MUL_raw_w input design_HDH_i/Add_IP_HDH_0/inst/core/alu/MUL_raw_w/B[17:0] is not pipelined. Pipelining DSP48 input will improve performance.
Related violations: <none>

DPOP-3#1 Warning
PREG Output pipelining  
DSP design_HDH_i/Add_IP_HDH_0/inst/core/alu/MUL_raw_w output design_HDH_i/Add_IP_HDH_0/inst/core/alu/MUL_raw_w/P[47:0] is not pipelined (PREG=0). Pipelining the DSP48 output will improve performance and often saves power so it is suggested whenever possible to fully pipeline this function.  If this DSP48 function was inferred, it is suggested to describe an additional register stage after this function.  If the DSP48 was instantiated in the design, it is suggested to set the PREG attribute to 1.
Related violations: <none>

DPOP-4#1 Warning
MREG Output pipelining  
DSP design_HDH_i/Add_IP_HDH_0/inst/core/alu/MUL_raw_w multiplier stage design_HDH_i/Add_IP_HDH_0/inst/core/alu/MUL_raw_w/P[47:0] is not pipelined (MREG=0). Pipelining the multiplier function will improve performance and will save significant power so it is suggested whenever possible to fully pipeline this function.  If this multiplier was inferred, it is suggested to describe an additional register stage after this function.  If there is no registered adder/accumulator following the multiply function, two pipeline stages are suggested to allow both the MREG and PREG registers to be used.  If the DSP48 was instantiated in the design, it is suggested to set both the MREG and PREG attributes to 1 when performing multiply functions.
Related violations: <none>


